[13:16:09] ============================================================
[13:16:09] 🎮 RL-ONLY TRAINING (Surrogate already trained)
[13:16:09] ============================================================
[13:16:09] 📦 Loading trained surrogate...
[13:16:09]    ✅ Loaded! Val loss: 2.316985876432487
[13:16:09] 
🎮 Training RL agents (3000 iterations each)
[13:16:09] 
   ────────────────────────────────────────
[13:16:09]    BUCK
[13:16:09]    ────────────────────────────────────────
[13:16:11]       Iter  100: reward=-162.89, best=-126.83, avg100=-173.62, ETA=0:00:38
[13:16:12]       Iter  200: reward=-169.25, best=-122.81, avg100=-159.02, ETA=0:00:35
[13:16:13]       Iter  300: reward=-163.43, best=-119.18, avg100=-162.93, ETA=0:00:34
[13:16:15]       Iter  400: reward=-195.35, best=-119.18, avg100=-162.62, ETA=0:00:32
[13:16:16]       Iter  500: reward=-148.76, best=-119.18, avg100=-159.96, ETA=0:00:31
[13:16:17]       Iter  600: reward=-166.35, best=-119.18, avg100=-161.14, ETA=0:00:30
[13:16:18]       Iter  700: reward=-184.35, best=-119.18, avg100=-158.69, ETA=0:00:29
[13:16:20]       Iter  800: reward=-166.53, best=-119.18, avg100=-160.26, ETA=0:00:27
[13:16:21]       Iter  900: reward=-181.92, best=-116.78, avg100=-158.37, ETA=0:00:26
[13:16:22]       Iter 1000: reward=-124.92, best=-116.78, avg100=-157.04, ETA=0:00:25
[13:16:24]       Iter 1100: reward=-156.60, best=-116.78, avg100=-161.28, ETA=0:00:24
[13:16:26]       Iter 1200: reward=-163.04, best=-116.78, avg100=-154.55, ETA=0:00:24
[13:16:27]       Iter 1300: reward=-158.90, best=-116.78, avg100=-161.21, ETA=0:00:23
[13:16:28]       Iter 1400: reward=-153.56, best=-116.78, avg100=-155.44, ETA=0:00:21
[13:16:30]       Iter 1500: reward=-140.63, best=-116.52, avg100=-160.46, ETA=0:00:20
[13:16:31]       Iter 1600: reward=-140.22, best=-116.52, avg100=-158.45, ETA=0:00:18
[13:16:33]       Iter 1700: reward=-124.31, best=-116.52, avg100=-155.19, ETA=0:00:18
[13:16:36]       Iter 1800: reward=-166.77, best=-116.52, avg100=-155.77, ETA=0:00:17
[13:16:37]       Iter 1900: reward=-129.72, best=-116.52, avg100=-154.93, ETA=0:00:16
[13:16:40]       Iter 2000: reward=-160.86, best=-116.52, avg100=-157.29, ETA=0:00:15
[13:16:41]       Iter 2100: reward=-145.96, best=-110.88, avg100=-155.54, ETA=0:00:13
[13:16:42]       Iter 2200: reward=-196.38, best=-110.88, avg100=-157.54, ETA=0:00:11
[13:16:44]       Iter 2300: reward=-174.28, best=-110.88, avg100=-157.69, ETA=0:00:10
[13:16:45]       Iter 2400: reward=-150.28, best=-110.88, avg100=-157.27, ETA=0:00:08
[13:16:46]       Iter 2500: reward=-153.48, best=-110.88, avg100=-157.47, ETA=0:00:07
[13:16:47]       Iter 2600: reward=-151.88, best=-110.88, avg100=-150.76, ETA=0:00:05
[13:16:49]       Iter 2700: reward=-190.31, best=-110.88, avg100=-156.83, ETA=0:00:04
[13:16:50]       Iter 2800: reward=-146.46, best=-110.88, avg100=-154.01, ETA=0:00:02
[13:16:51]       Iter 2900: reward=-156.21, best=-110.88, avg100=-154.94, ETA=0:00:01
[13:16:52]       Iter 3000: reward=-135.47, best=-110.88, avg100=-151.96, ETA=0:00:00
[13:16:52]    ✅ Best: -110.88 (0:00:42)
[13:16:52] 
   ────────────────────────────────────────
[13:16:52]    BOOST
[13:16:52]    ────────────────────────────────────────
[13:16:53]       Iter  100: reward=-652.69, best=-363.66, avg100=-823.92, ETA=0:00:33
[13:16:54]       Iter  200: reward=-611.49, best=-359.05, avg100=-708.15, ETA=0:00:32
[13:16:56]       Iter  300: reward=-606.76, best=-306.34, avg100=-657.46, ETA=0:00:31
[13:16:57]       Iter  400: reward=-570.29, best=-306.34, avg100=-636.40, ETA=0:00:30
[13:16:58]       Iter  500: reward=-406.05, best=-306.34, avg100=-677.19, ETA=0:00:29
[13:16:59]       Iter  600: reward=-858.48, best=-306.34, avg100=-682.12, ETA=0:00:28
[13:17:00]       Iter  700: reward=-531.06, best=-306.34, avg100=-638.10, ETA=0:00:26
[13:17:02]       Iter  800: reward=-620.51, best=-288.91, avg100=-642.11, ETA=0:00:25
[13:17:03]       Iter  900: reward=-630.83, best=-288.91, avg100=-622.33, ETA=0:00:24
[13:17:04]       Iter 1000: reward=-460.17, best=-288.91, avg100=-661.64, ETA=0:00:23
[13:17:05]       Iter 1100: reward=-667.81, best=-288.91, avg100=-666.52, ETA=0:00:22
[13:17:06]       Iter 1200: reward=-631.03, best=-288.91, avg100=-634.02, ETA=0:00:21
[13:17:08]       Iter 1300: reward=-477.35, best=-288.91, avg100=-616.63, ETA=0:00:20
[13:17:09]       Iter 1400: reward=-482.94, best=-259.11, avg100=-603.57, ETA=0:00:19
[13:17:10]       Iter 1500: reward=-486.45, best=-259.11, avg100=-578.63, ETA=0:00:18
[13:17:12]       Iter 1600: reward=-805.06, best=-259.11, avg100=-591.25, ETA=0:00:16
[13:17:13]       Iter 1700: reward=-857.28, best=-259.11, avg100=-609.63, ETA=0:00:15
[13:17:14]       Iter 1800: reward=-414.10, best=-259.11, avg100=-578.12, ETA=0:00:14
[13:17:15]       Iter 1900: reward=-310.98, best=-259.11, avg100=-564.62, ETA=0:00:13
[13:17:16]       Iter 2000: reward=-849.10, best=-259.11, avg100=-574.05, ETA=0:00:11
[13:17:17]       Iter 2100: reward=-735.26, best=-259.11, avg100=-573.08, ETA=0:00:10
[13:17:18]       Iter 2200: reward=-654.09, best=-243.30, avg100=-572.93, ETA=0:00:09
[13:17:19]       Iter 2300: reward=-833.22, best=-243.30, avg100=-534.21, ETA=0:00:08
[13:17:21]       Iter 2400: reward=-559.76, best=-243.30, avg100=-555.08, ETA=0:00:07
[13:17:22]       Iter 2500: reward=-339.15, best=-243.30, avg100=-541.53, ETA=0:00:05
[13:17:23]       Iter 2600: reward=-448.20, best=-243.30, avg100=-559.10, ETA=0:00:04
[13:17:24]       Iter 2700: reward=-787.76, best=-243.30, avg100=-551.85, ETA=0:00:03
[13:17:26]       Iter 2800: reward=-370.04, best=-243.30, avg100=-541.20, ETA=0:00:02
[13:17:27]       Iter 2900: reward=-720.76, best=-243.30, avg100=-528.55, ETA=0:00:01
[13:17:28]       Iter 3000: reward=-579.24, best=-243.30, avg100=-512.46, ETA=0:00:00
[13:17:28]    ✅ Best: -243.30 (0:00:36)
[13:17:28] 
   ────────────────────────────────────────
[13:17:28]    BUCK_BOOST ⚡INV
[13:17:28]    ────────────────────────────────────────
[13:17:30]       Iter  100: reward=-350.38, best=-198.39, avg100=-674.48, ETA=0:00:37
[13:17:31]       Iter  200: reward=-400.35, best=-198.39, avg100=-610.02, ETA=0:00:35
[13:17:32]       Iter  300: reward=-276.08, best=-198.39, avg100=-540.38, ETA=0:00:33
[13:17:34]       Iter  400: reward=-611.98, best=-198.39, avg100=-565.61, ETA=0:00:33
[13:17:35]       Iter  500: reward=-924.42, best=-198.39, avg100=-542.77, ETA=0:00:31
[13:17:36]       Iter  600: reward=-332.87, best=-198.39, avg100=-535.24, ETA=0:00:30
[13:17:38]       Iter  700: reward=-249.14, best=-198.39, avg100=-521.93, ETA=0:00:30
[13:17:39]       Iter  800: reward=-531.27, best=-198.39, avg100=-538.07, ETA=0:00:29
[13:17:41]       Iter  900: reward=-747.23, best=-198.39, avg100=-522.94, ETA=0:00:28
[13:17:42]       Iter 1000: reward=-466.08, best=-198.39, avg100=-523.69, ETA=0:00:27
[13:17:43]       Iter 1100: reward=-468.74, best=-198.39, avg100=-520.44, ETA=0:00:25
[13:17:45]       Iter 1200: reward=-653.52, best=-198.39, avg100=-530.37, ETA=0:00:24
[13:17:46]       Iter 1300: reward=-573.01, best=-175.01, avg100=-508.89, ETA=0:00:22
[13:17:47]       Iter 1400: reward=-612.21, best=-175.01, avg100=-509.03, ETA=0:00:21
[13:17:48]       Iter 1500: reward=-352.65, best=-175.01, avg100=-507.17, ETA=0:00:19
[13:17:49]       Iter 1600: reward=-354.62, best=-175.01, avg100=-509.78, ETA=0:00:18
[13:17:51]       Iter 1700: reward=-352.96, best=-175.01, avg100=-494.57, ETA=0:00:16
[13:17:52]       Iter 1800: reward=-537.35, best=-175.01, avg100=-485.61, ETA=0:00:15
[13:17:53]       Iter 1900: reward=-517.26, best=-175.01, avg100=-497.71, ETA=0:00:14
[13:17:54]       Iter 2000: reward=-383.82, best=-175.01, avg100=-434.27, ETA=0:00:12
[13:17:56]       Iter 2100: reward=-458.21, best=-175.01, avg100=-447.94, ETA=0:00:11
[13:17:57]       Iter 2200: reward=-612.26, best=-175.01, avg100=-470.39, ETA=0:00:10
[13:17:59]       Iter 2300: reward=-525.93, best=-175.01, avg100=-457.78, ETA=0:00:09
[13:18:01]       Iter 2400: reward=-506.94, best=-175.01, avg100=-474.71, ETA=0:00:08
[13:18:02]       Iter 2500: reward=-375.30, best=-175.01, avg100=-442.75, ETA=0:00:06
[13:18:03]       Iter 2600: reward=-709.01, best=-175.01, avg100=-430.34, ETA=0:00:05
[13:18:04]       Iter 2700: reward=-370.59, best=-175.01, avg100=-452.00, ETA=0:00:03
[13:18:05]       Iter 2800: reward=-350.51, best=-175.01, avg100=-457.03, ETA=0:00:02
[13:18:07]       Iter 2900: reward=-399.43, best=-175.01, avg100=-447.83, ETA=0:00:01
[13:18:08]       Iter 3000: reward=-567.29, best=-175.01, avg100=-426.55, ETA=0:00:00
[13:18:08]    ✅ Best: -175.01 (0:00:39)
[13:18:08] 
   ────────────────────────────────────────
[13:18:08]    SEPIC
[13:18:08]    ────────────────────────────────────────
[13:18:09]       Iter  100: reward=-1293.55, best=-483.82, avg100=-969.89, ETA=0:00:35
[13:18:10]       Iter  200: reward=-776.55, best=-483.82, avg100=-990.19, ETA=0:00:33
[13:18:11]       Iter  300: reward=-609.15, best=-483.82, avg100=-942.46, ETA=0:00:31
[13:18:13]       Iter  400: reward=-1371.72, best=-483.82, avg100=-924.18, ETA=0:00:30
[13:18:14]       Iter  500: reward=-1140.05, best=-483.82, avg100=-997.84, ETA=0:00:29
[13:18:15]       Iter  600: reward=-585.82, best=-482.21, avg100=-910.04, ETA=0:00:28
[13:18:16]       Iter  700: reward=-1014.83, best=-406.08, avg100=-917.77, ETA=0:00:27
[13:18:17]       Iter  800: reward=-1289.59, best=-406.08, avg100=-917.67, ETA=0:00:25
[13:18:18]       Iter  900: reward=-844.28, best=-406.08, avg100=-895.68, ETA=0:00:24
[13:18:20]       Iter 1000: reward=-1255.98, best=-406.08, avg100=-940.86, ETA=0:00:23
[13:18:21]       Iter 1100: reward=-953.18, best=-406.08, avg100=-925.10, ETA=0:00:23
[13:18:23]       Iter 1200: reward=-1356.01, best=-406.08, avg100=-889.15, ETA=0:00:22
[13:18:25]       Iter 1300: reward=-830.14, best=-406.08, avg100=-896.15, ETA=0:00:21
[13:18:26]       Iter 1400: reward=-793.41, best=-406.08, avg100=-908.57, ETA=0:00:20
[13:18:27]       Iter 1500: reward=-849.80, best=-406.08, avg100=-934.16, ETA=0:00:19
[13:18:29]       Iter 1600: reward=-741.69, best=-406.08, avg100=-909.85, ETA=0:00:18
[13:18:30]       Iter 1700: reward=-1011.78, best=-406.08, avg100=-910.23, ETA=0:00:16
[13:18:31]       Iter 1800: reward=-1012.87, best=-406.08, avg100=-925.36, ETA=0:00:15
[13:18:32]       Iter 1900: reward=-1206.36, best=-372.42, avg100=-895.09, ETA=0:00:14
[13:18:34]       Iter 2000: reward=-798.40, best=-372.42, avg100=-941.02, ETA=0:00:12
[13:18:35]       Iter 2100: reward=-813.91, best=-372.42, avg100=-903.04, ETA=0:00:11
[13:18:36]       Iter 2200: reward=-975.23, best=-372.42, avg100=-883.16, ETA=0:00:10
[13:18:37]       Iter 2300: reward=-790.89, best=-372.42, avg100=-882.19, ETA=0:00:08
[13:18:38]       Iter 2400: reward=-1291.87, best=-372.42, avg100=-914.27, ETA=0:00:07
[13:18:40]       Iter 2500: reward=-825.01, best=-372.42, avg100=-899.79, ETA=0:00:06
[13:18:41]       Iter 2600: reward=-776.92, best=-372.42, avg100=-889.58, ETA=0:00:05
[13:18:42]       Iter 2700: reward=-749.33, best=-372.42, avg100=-886.92, ETA=0:00:03
[13:18:44]       Iter 2800: reward=-688.57, best=-372.42, avg100=-927.45, ETA=0:00:02
[13:18:45]       Iter 2900: reward=-678.88, best=-372.42, avg100=-943.41, ETA=0:00:01
[13:18:46]       Iter 3000: reward=-675.65, best=-372.42, avg100=-908.03, ETA=0:00:00
[13:18:46]    ✅ Best: -372.42 (0:00:38)
[13:18:46] 
   ────────────────────────────────────────
[13:18:46]    CUK ⚡INV
[13:18:46]    ────────────────────────────────────────
[13:18:47]       Iter  100: reward=-1282.06, best=-747.84, avg100=-1358.09, ETA=0:00:35
[13:18:48]       Iter  200: reward=-1021.57, best=-585.31, avg100=-1315.16, ETA=0:00:34
[13:18:50]       Iter  300: reward=-1077.91, best=-585.31, avg100=-1304.60, ETA=0:00:33
[13:18:51]       Iter  400: reward=-1507.26, best=-585.31, avg100=-1299.90, ETA=0:00:32
[13:18:52]       Iter  500: reward=-767.24, best=-585.31, avg100=-1316.99, ETA=0:00:31
[13:18:53]       Iter  600: reward=-1139.38, best=-585.31, avg100=-1251.04, ETA=0:00:30
[13:18:55]       Iter  700: reward=-1017.73, best=-585.31, avg100=-1260.98, ETA=0:00:29
[13:18:56]       Iter  800: reward=-806.85, best=-585.31, avg100=-1263.42, ETA=0:00:27
[13:18:57]       Iter  900: reward=-1291.13, best=-585.31, avg100=-1219.40, ETA=0:00:26
[13:18:58]       Iter 1000: reward=-1137.83, best=-585.31, avg100=-1303.23, ETA=0:00:24
[13:19:00]       Iter 1100: reward=-1393.89, best=-585.31, avg100=-1310.24, ETA=0:00:23
[13:19:01]       Iter 1200: reward=-1325.69, best=-585.31, avg100=-1310.42, ETA=0:00:22
[13:19:02]       Iter 1300: reward=-1192.06, best=-585.31, avg100=-1302.07, ETA=0:00:21
[13:19:03]       Iter 1400: reward=-1483.81, best=-585.31, avg100=-1307.16, ETA=0:00:19
[13:19:05]       Iter 1500: reward=-1707.75, best=-585.31, avg100=-1290.41, ETA=0:00:18
[13:19:06]       Iter 1600: reward=-925.37, best=-585.31, avg100=-1297.41, ETA=0:00:17
[13:19:07]       Iter 1700: reward=-1138.12, best=-585.31, avg100=-1306.30, ETA=0:00:16
[13:19:08]       Iter 1800: reward=-1290.30, best=-585.31, avg100=-1315.52, ETA=0:00:14
[13:19:10]       Iter 1900: reward=-1158.77, best=-585.31, avg100=-1323.07, ETA=0:00:13
[13:19:11]       Iter 2000: reward=-1266.54, best=-585.31, avg100=-1284.55, ETA=0:00:12
[13:19:12]       Iter 2100: reward=-1093.63, best=-577.21, avg100=-1286.74, ETA=0:00:11
[13:19:13]       Iter 2200: reward=-1105.07, best=-577.21, avg100=-1318.64, ETA=0:00:09
[13:19:14]       Iter 2300: reward=-1386.82, best=-577.21, avg100=-1246.16, ETA=0:00:08
[13:19:16]       Iter 2400: reward=-1407.51, best=-577.21, avg100=-1296.54, ETA=0:00:07
[13:19:17]       Iter 2500: reward=-2241.61, best=-577.21, avg100=-1297.09, ETA=0:00:06
[13:19:18]       Iter 2600: reward=-990.87, best=-577.21, avg100=-1274.70, ETA=0:00:04
[13:19:19]       Iter 2700: reward=-1069.63, best=-577.21, avg100=-1326.60, ETA=0:00:03
[13:19:21]       Iter 2800: reward=-1175.92, best=-563.53, avg100=-1337.16, ETA=0:00:02
[13:19:22]       Iter 2900: reward=-1775.76, best=-563.53, avg100=-1298.25, ETA=0:00:01
[13:19:23]       Iter 3000: reward=-1396.45, best=-563.53, avg100=-1297.18, ETA=0:00:00
[13:19:23]    ✅ Best: -563.53 (0:00:37)
[13:19:23] 
   ────────────────────────────────────────
[13:19:23]    FLYBACK
[13:19:23]    ────────────────────────────────────────
[13:19:25]       Iter  100: reward=-488.80, best=-306.90, avg100=-627.75, ETA=0:00:44
[13:19:26]       Iter  200: reward=-445.80, best=-306.90, avg100=-614.05, ETA=0:00:39
[13:19:27]       Iter  300: reward=-867.74, best=-306.90, avg100=-575.23, ETA=0:00:36
[13:19:28]       Iter  400: reward=-742.54, best=-306.90, avg100=-592.77, ETA=0:00:33
[13:19:30]       Iter  500: reward=-8508.77, best=-306.90, avg100=-691.69, ETA=0:00:32
[13:19:31]       Iter  600: reward=-533.46, best=-306.90, avg100=-736.68, ETA=0:00:30
[13:19:32]       Iter  700: reward=-610.17, best=-263.27, avg100=-553.71, ETA=0:00:28
[13:19:33]       Iter  800: reward=-324.46, best=-263.27, avg100=-1063.92, ETA=0:00:27
[13:19:34]       Iter  900: reward=-313.46, best=-263.27, avg100=-566.27, ETA=0:00:26
[13:19:36]       Iter 1000: reward=-1387.08, best=-263.27, avg100=-573.43, ETA=0:00:24
[13:19:37]       Iter 1100: reward=-1544.55, best=-263.27, avg100=-1130.15, ETA=0:00:23
[13:19:38]       Iter 1200: reward=-522.94, best=-263.27, avg100=-610.01, ETA=0:00:22
[13:19:40]       Iter 1300: reward=-481.72, best=-263.27, avg100=-502.13, ETA=0:00:21
[13:19:41]       Iter 1400: reward=-487.29, best=-263.27, avg100=-645.06, ETA=0:00:20
[13:19:42]       Iter 1500: reward=-481.90, best=-263.27, avg100=-551.84, ETA=0:00:18
[13:19:43]       Iter 1600: reward=-718.56, best=-263.27, avg100=-567.32, ETA=0:00:17
[13:19:44]       Iter 1700: reward=-501.22, best=-263.27, avg100=-624.73, ETA=0:00:16
[13:19:46]       Iter 1800: reward=-438.13, best=-256.46, avg100=-551.95, ETA=0:00:14
[13:19:47]       Iter 1900: reward=-476.34, best=-256.46, avg100=-542.55, ETA=0:00:13
[13:19:49]       Iter 2000: reward=-689.43, best=-256.46, avg100=-623.94, ETA=0:00:12
[13:19:50]       Iter 2100: reward=-521.72, best=-256.46, avg100=-883.00, ETA=0:00:11
[13:19:53]       Iter 2200: reward=-483.67, best=-256.46, avg100=-572.84, ETA=0:00:10
[13:19:54]       Iter 2300: reward=-412.81, best=-256.46, avg100=-582.73, ETA=0:00:09
[13:19:56]       Iter 2400: reward=-457.28, best=-256.46, avg100=-634.81, ETA=0:00:08
[13:19:57]       Iter 2500: reward=-408.75, best=-256.46, avg100=-630.67, ETA=0:00:06
[13:19:59]       Iter 2600: reward=-449.88, best=-256.46, avg100=-597.58, ETA=0:00:05
[13:20:00]       Iter 2700: reward=-1980.23, best=-256.46, avg100=-629.56, ETA=0:00:04
[13:20:02]       Iter 2800: reward=-488.52, best=-256.46, avg100=-1156.24, ETA=0:00:02
[13:20:03]       Iter 2900: reward=-393.89, best=-256.46, avg100=-554.38, ETA=0:00:01
[13:20:05]       Iter 3000: reward=-561.70, best=-256.46, avg100=-592.08, ETA=0:00:00
[13:20:05]    ✅ Best: -256.46 (0:00:41)
[13:20:05] 
   ────────────────────────────────────────
[13:20:05]    QR_FLYBACK
[13:20:05]    ────────────────────────────────────────
[13:20:07]       Iter  100: reward=-378.61, best=-234.49, avg100=-378.79, ETA=0:00:58
[13:20:09]       Iter  200: reward=-185.52, best=-185.52, avg100=-379.96, ETA=0:00:56
[13:20:10]       Iter  300: reward=-339.68, best=-185.52, avg100=-382.67, ETA=0:00:48
[13:20:12]       Iter  400: reward=-365.84, best=-146.32, avg100=-349.05, ETA=0:00:47
[13:20:14]       Iter  500: reward=-378.92, best=-146.32, avg100=-361.56, ETA=0:00:45
[13:20:15]       Iter  600: reward=-261.39, best=-146.32, avg100=-571.86, ETA=0:00:42
[13:20:16]       Iter  700: reward=-282.16, best=-146.32, avg100=-356.80, ETA=0:00:38
[13:20:18]       Iter  800: reward=-327.66, best=-146.32, avg100=-360.15, ETA=0:00:36
[13:20:19]       Iter  900: reward=-397.47, best=-146.32, avg100=-350.48, ETA=0:00:33
[13:20:20]       Iter 1000: reward=-470.80, best=-146.32, avg100=-379.56, ETA=0:00:31
[13:20:22]       Iter 1100: reward=-335.88, best=-146.32, avg100=-423.28, ETA=0:00:29
[13:20:23]       Iter 1200: reward=-514.61, best=-146.32, avg100=-356.99, ETA=0:00:27
[13:20:24]       Iter 1300: reward=-254.32, best=-146.32, avg100=-424.21, ETA=0:00:25
[13:20:26]       Iter 1400: reward=-400.47, best=-146.32, avg100=-377.05, ETA=0:00:24
[13:20:27]       Iter 1500: reward=-371.03, best=-146.32, avg100=-362.21, ETA=0:00:22
[13:20:29]       Iter 1600: reward=-273.12, best=-146.32, avg100=-342.02, ETA=0:00:21
[13:20:30]       Iter 1700: reward=-324.17, best=-146.32, avg100=-379.53, ETA=0:00:19
[13:20:31]       Iter 1800: reward=-326.30, best=-146.32, avg100=-364.11, ETA=0:00:17
[13:20:33]       Iter 1900: reward=-362.60, best=-146.32, avg100=-338.20, ETA=0:00:16
[13:20:34]       Iter 2000: reward=-391.27, best=-146.32, avg100=-377.80, ETA=0:00:14
[13:20:36]       Iter 2100: reward=-374.27, best=-146.32, avg100=-357.08, ETA=0:00:13
[13:20:37]       Iter 2200: reward=-420.90, best=-146.32, avg100=-373.61, ETA=0:00:11
[13:20:39]       Iter 2300: reward=-269.98, best=-146.32, avg100=-365.37, ETA=0:00:10
[13:20:40]       Iter 2400: reward=-401.40, best=-146.32, avg100=-360.31, ETA=0:00:08
[13:20:42]       Iter 2500: reward=-471.26, best=-146.32, avg100=-344.89, ETA=0:00:07
[13:20:43]       Iter 2600: reward=-315.07, best=-146.32, avg100=-343.44, ETA=0:00:05
[13:20:44]       Iter 2700: reward=-319.26, best=-146.32, avg100=-347.01, ETA=0:00:04
[13:20:46]       Iter 2800: reward=-335.88, best=-146.32, avg100=-350.53, ETA=0:00:02
[13:20:47]       Iter 2900: reward=-307.00, best=-146.32, avg100=-405.60, ETA=0:00:01
[13:20:48]       Iter 3000: reward=-330.76, best=-146.32, avg100=-353.64, ETA=0:00:00
[13:20:48]    ✅ Best: -146.32 (0:00:43)
[13:20:48] 
============================================================
[13:20:48] 📊 FINAL EVALUATION
[13:20:48] ============================================================
[13:20:48]    BUCK                Quality: 0.0%
[13:20:48]    BOOST               Quality: 0.0%
[13:20:48]    BUCK_BOOST   (INV)  Quality: 0.0%
[13:20:48]    SEPIC               Quality: 0.0%
[13:20:48]    CUK          (INV)  Quality: 0.0%
[13:20:48]    FLYBACK             Quality: 0.0%
[13:20:48]    QR_FLYBACK          Quality: 0.0%
[13:20:48] 
✅ Complete in 0:04:39
