======================================================================
🚀 COMPLETE TOPOLOGY-AWARE TRAINING PIPELINE
======================================================================
  Device: mps
  Samples per topology: 5000
  Surrogate epochs: 100
  RL iterations: 200
======================================================================
🔬 PHASE 1: GENERATING TOPOLOGY-SPECIFIC DATA
======================================================================

  BUCK         
    Generating:   0%|          | 0/5000 [00:00<?, ?it/s]    Generating:  51%|█████     | 2527/5000 [00:00<00:00, 25264.96it/s]    Generating: 100%|██████████| 5000/5000 [00:00<00:00, 37693.82it/s]

  BOOST        
    Generating:   0%|          | 0/5000 [00:00<?, ?it/s]    Generating: 100%|██████████| 5000/5000 [00:00<00:00, 69568.13it/s]

  BUCK_BOOST   ⚡INVERTED
    Generating:   0%|          | 0/5000 [00:00<?, ?it/s]    Generating: 100%|██████████| 5000/5000 [00:00<00:00, 92339.99it/s]

  SEPIC        
    Generating:   0%|          | 0/5000 [00:00<?, ?it/s]    Generating: 100%|██████████| 5000/5000 [00:00<00:00, 78511.50it/s]

  CUK          ⚡INVERTED
    Generating:   0%|          | 0/5000 [00:00<?, ?it/s]    Generating: 100%|██████████| 5000/5000 [00:00<00:00, 93887.33it/s]

  FLYBACK      
    Generating:   0%|          | 0/5000 [00:00<?, ?it/s]    Generating: 100%|██████████| 5000/5000 [00:00<00:00, 72186.65it/s]

  QR_FLYBACK   
    Generating:   0%|          | 0/5000 [00:00<?, ?it/s]    Generating: 100%|██████████| 5000/5000 [00:00<00:00, 70728.11it/s]
