Using device: cpu (forced for stability)

======================================================================
INTENSIVE SPICE-IN-THE-LOOP TRAINING
======================================================================
Start time: 2026-02-11 01:28:17
Device: cpu
Topologies: buck, boost, buck_boost, sepic, cuk, flyback, qr_flyback
Total training steps: 11,673,600
Estimated time: ~12-18 hours

Loading multi-topology surrogate...
  ✓ Loaded surrogate: 1,157,731 params

[1/7] Training buck...

============================================================
Training BUCK Agent
============================================================
  Config: 300 iters × 2048 steps
  = 614,400 total steps
  SPICE validation every 5 iterations
  Description: Simple step-down, linear V_out=V_in×D
buck:   0%|          | 0/300 [00:00<?, ?it/s]buck:   0%|          | 1/300 [00:55<4:36:49, 55.55s/it]buck:   1%|          | 2/300 [01:45<4:20:38, 52.48s/it]/opt/homebrew/Cellar/python@3.14/3.14.2/Frameworks/Python.framework/Versions/3.14/lib/python3.14/multiprocessing/resource_tracker.py:396: UserWarning: resource_tracker: There appear to be 1 leaked semaphore objects to clean up at shutdown: {'/mp-jol39oi5'}
  warnings.warn(
